app/build/outputs/mapping/release/seeds.txt
app.netlify.cd_monitoring_suhu.twa.LauncherActivity: LauncherActivity()
app.netlify.cd_monitoring_suhu.twa.Application: Application()
app.netlify.cd_monitoring_suhu.twa.Application
app.netlify.cd_monitoring_suhu.twa.LauncherActivity
app.netlify.cd_monitoring_suhu.twa.DelegationService: DelegationService()
app.netlify.cd_monitoring_suhu.twa.DelegationService
...
com.google.androidbrowserhelper.trusted.WebViewFallbackActivity
androidx.core.graphics.drawable.IconCompatParcelizer: androidx.core.graphics.drawable.IconCompat read(androidx.versionedparcelable.VersionedParcel)
android.support.v4.graphics.drawable.IconCompatParcelizer: IconCompatParcelizer()
androidx.browser.browseractions.BrowserActionsFallbackMenuView: BrowserActionsFallbackMenuView(android.content.Context,android.util.AttributeSet)
com.google.androidbrowserhelper.trusted.LauncherActivity: LauncherActivity()
androidx.core.graphics.drawable.IconCompatParcelizer: void write(androidx.core.graphics.drawable.IconCompat,androidx.versionedparcelable.VersionedParcel)
com.google.androidbrowserhelper.trusted.NotificationPermissionRequestActivity
androidx.versionedparcelable.CustomVersionedParcelable
androidx.core.app.RemoteActionCompatParcelizer: RemoteActionCompatParcelizer()
androidx.lifecycle.SingleGeneratedAdapterObserver
com.google.androidbrowserhelper.trusted.FocusActivity
androidx.core.app.CoreComponentFactory: CoreComponentFactory()
androidx.core.app.RemoteActionCompatParcelizer: void write(androidx.core.app.RemoteActionCompat,androidx.versionedparcelable.VersionedParcel)
androidx.lifecycle.FullLifecycleObserverAdapter
com.google.androidbrowserhelper.trusted.FocusActivity: FocusActivity()
com.google.androidbrowserhelper.trusted.ManageDataLauncherActivity
androidx.lifecycle.ReflectiveGenericLifecycleObserver
com.google.androidbrowserhelper.trusted.ManageDataLauncherActivity: ManageDataLauncherActivity()
android.support.v4.app.RemoteActionCompatParcelizer
androidx.core.content.FileProvider
androidx.core.app.RemoteActionCompat
androidx.core.content.FileProvider: FileProvider()
androidx.core.graphics.drawable.IconCompat
androidx.core.app.RemoteActionCompatParcelizer: androidx.core.app.RemoteActionCompat read(androidx.versionedparcelable.VersionedParcel)
androidx.core.app.CoreComponentFactory
android.support.v4.app.RemoteActionCompatParcelizer: RemoteActionCompatParcelizer()
androidx.core.graphics.drawable.IconCompat: IconCompat()
android.support.v4.app.RemoteActionCompatParcelizer: void write(androidx.core.app.RemoteActionCompat,androidx.versionedparcelable.VersionedParcel)
android.support.v4.app.RemoteActionCompatParcelizer: androidx.core.app.RemoteActionCompat read(androidx.versionedparcelable.VersionedParcel)
com.google.androidbrowserhelper.trusted.DelegationService: DelegationService()
com.google.androidbrowserhelper.trusted.WebViewFallbackActivity: WebViewFallbackActivity()
androidx.versionedparcelable.CustomVersionedParcelable: CustomVersionedParcelable()
com.google.androidbrowserhelper.trusted.NotificationPermissionRequestActivity: NotificationPermissionRequestActivity()
androidx.lifecycle.CompositeGeneratedAdaptersObserver
androidx.core.graphics.drawable.IconCompatParcelizer
androidx.browser.browseractions.BrowserActionsFallbackMenuView
androidx.versionedparcelable.ParcelImpl: android.os.Parcelable$Creator CREATOR
androidx.core.app.RemoteActionCompat: RemoteActionCompat()
android.support.v4.graphics.drawable.IconCompatParcelizer
androidx.core.app.RemoteActionCompatParcelizer
android.support.v4.graphics.drawable.IconCompatParcelizer: void write(androidx.core.graphics.drawable.IconCompat,androidx.versionedparcelable.VersionedParcel)
androidx.core.graphics.drawable.IconCompatParcelizer: IconCompatParcelizer()
androidx.annotation.Keep
android.support.v4.graphics.drawable.IconCompatParcelizer: androidx.core.graphics.drawable.IconCompat read(androidx.versionedparcelable.VersionedParcel)
androidx.versionedparcelable.ParcelImpl
androidx.browser.trusted.TrustedWebActivityService: TrustedWebActivityService()