app/build/outputs/mapping/release/mapping.txt
# compiler: R8
# compiler_version: 2.1.86
# min_api: 19
# pg_map_id: c0e9c51
# common_typos_disable
app.netlify.cd_monitoring_suhu.twa.LauncherActivity -> app.netlify.cd_monitoring_suhu.twa.LauncherActivity:
    android.net.Uri getLaunchingUrl() -> g
...
androidx.browser.customtabs.CustomTabsSession -> b.a.b.f:
    android.support.customtabs.ICustomTabsCallback mCallback -> b
    android.content.ComponentName mComponentName -> c
    android.support.customtabs.ICustomTabsService mService -> a
    android.app.PendingIntent mId -> d
    void addIdToBundle(android.os.Bundle) -> a
    android.os.Bundle createBundleWithId(android.os.Bundle) -> b
    android.os.IBinder getBinder() -> c
    android.content.ComponentName getComponentName() -> d
    android.app.PendingIntent getId() -> e
    boolean receiveFile(android.net.Uri,int,android.os.Bundle) -> f
    boolean validateRelationship(int,android.net.Uri,android.os.Bundle) -> g
androidx.browser.customtabs.TrustedWebUtils -> b.a.b.g:
    boolean areSplashScreensSupported(android.content.Context,java.lang.String,java.lang.String) -> a
    boolean transferSplashImage(android.content.Context,java.io.File,java.lang.String,java.lang.String,androidx.browser.customtabs.CustomTabsSession) -> b
androidx.browser.trusted.-$$Lambda$TokenContents$Q7kOl2yBde7CmQs5Ktpiz56Nr70 -> b.a.c.a:
    androidx.browser.trusted.-$$Lambda$TokenContents$Q7kOl2yBde7CmQs5Ktpiz56Nr70 INSTANCE -> a
androidx.browser.trusted.NotificationApiHelperForM -> b.a.c.b:
    android.os.Parcelable[] getActiveNotifications(android.app.NotificationManager) -> a
androidx.browser.trusted.NotificationApiHelperForO -> b.a.c.c:
    android.app.Notification copyNotificationOntoChannel(android.content.Context,android.app.NotificationManager,android.app.Notification,java.lang.String,java.lang.String) -> a
    boolean isChannelEnabled(android.app.NotificationManager,java.lang.String) -> b
androidx.browser.trusted.PackageIdentityUtils -> b.a.c.d:
    byte[] getCertificateSHA256Fingerprint(android.content.pm.Signature) -> a
    java.util.List getFingerprintsForPackage(java.lang.String,android.content.pm.PackageManager) -> b
    androidx.browser.trusted.PackageIdentityUtils$SignaturesCompat getImpl() -> c
    boolean packageMatchesToken(java.lang.String,android.content.pm.PackageManager,androidx.browser.trusted.TokenContents) -> d
androidx.browser.trusted.PackageIdentityUtils$Api28Implementation -> b.a.c.d$a:
    java.util.List getFingerprintsForPackage(java.lang.String,android.content.pm.PackageManager) -> a
    boolean packageMatchesToken(java.lang.String,android.content.pm.PackageManager,androidx.browser.trusted.TokenContents) -> b
androidx.browser.trusted.PackageIdentityUtils$Pre28Implementation -> b.a.c.d$b:
    java.util.List getFingerprintsForPackage(java.lang.String,android.content.pm.PackageManager) -> a
    boolean packageMatchesToken(java.lang.String,android.content.pm.PackageManager,androidx.browser.trusted.TokenContents) -> b
androidx.browser.trusted.PackageIdentityUtils$SignaturesCompat -> b.a.c.d$c:
    java.util.List getFingerprintsForPackage(java.lang.String,android.content.pm.PackageManager) -> a
    boolean packageMatchesToken(java.lang.String,android.content.pm.PackageManager,androidx.browser.trusted.TokenContents) -> b
androidx.browser.trusted.Token -> b.a.c.e:
    androidx.browser.trusted.TokenContents mContents -> a
    androidx.browser.trusted.Token create(java.lang.String,android.content.pm.PackageManager) -> a
    androidx.browser.trusted.Token deserialize(byte[]) -> b
    boolean matches(java.lang.String,android.content.pm.PackageManager) -> c
    byte[] serialize() -> d