app/build/outputs/mapping/release/usage.txt
app.netlify.cd_monitoring_suhu.twa.R$bool
app.netlify.cd_monitoring_suhu.twa.BuildConfig
app.netlify.cd_monitoring_suhu.twa.R
app.netlify.cd_monitoring_suhu.twa.R$raw
app.netlify.cd_monitoring_suhu.twa.R$xml
app.netlify.cd_monitoring_suhu.twa.R$dimen
app.netlify.cd_monitoring_suhu.twa.R$string
app.netlify.cd_monitoring_suhu.twa.R$styleable
app.netlify.cd_monitoring_suhu.twa.R$attr
app.netlify.cd_monitoring_suhu.twa.R$layout
app.netlify.cd_monitoring_suhu.twa.R$color
app.netlify.cd_monitoring_suhu.twa.R$drawable
app.netlify.cd_monitoring_suhu.twa.R$integer
app.netlify.cd_monitoring_suhu.twa.R$id
app.netlify.cd_monitoring_suhu.twa.R$mipmap
app.netlify.cd_monitoring_suhu.twa.R$style
...
androidx.core.widget.PopupWindowCompat
androidx.annotation.RawRes
androidx.core.content.pm.PermissionInfoCompat
androidx.annotation.VisibleForTesting
androidx.core.view.ViewCompat$ScrollIndicators
androidx.core.view.NestedScrollingParentHelper
androidx.core.app.NotificationCompat$InboxStyle
androidx.core.util.Consumer
androidx.core.widget.TintableImageSourceView
androidx.lifecycle.Lifecycling
androidx.browser.customtabs.CustomTabsSession$PendingSession
androidx.core.view.accessibility.AccessibilityWindowInfoCompat
androidx.core.location.LocationManagerCompat
androidx.lifecycle.FullLifecycleObserverAdapter$1
androidx.core.app.FrameMetricsAggregator$FrameMetricsApi24Impl
androidx.core.util.Preconditions
androidx.browser.browseractions.BrowserActionsFallbackMenuUi$3
androidx.core.view.inputmethod.InputContentInfoCompat
androidx.concurrent.futures.CallbackToFutureAdapter$Resolver
androidx.core.app.NotificationCompat$BigPictureStyle
androidx.core.provider.FontsContractCompat$FontFamilyResult
androidx.core.widget.CompoundButtonCompat
androidx.core.content.pm.ShortcutInfoCompatSaver$NoopImpl
androidx.core.R$style
androidx.core.provider.FontsContractCompat$4$6
androidx.core.text.TextUtilsCompat
androidx.core.app.NotificationCompat$Action$WearableExtender
com.google.androidbrowserhelper.trusted.SharingUtils:
    private void <init>()
androidx.browser.trusted.TokenContents:
    public int getFingerprintCount()
androidx.annotation.RequiresApi
androidx.concurrent.futures.AbstractResolvableFuture$AtomicHelper
androidx.core.app.NotificationCompat$BigTextStyle
androidx.core.app.ActivityCompat$PermissionCompatDelegate:
    public abstract boolean onActivityResult(android.app.Activity,int,int,android.content.Intent)
android.support.v4.os.ResultReceiver$MyRunnable
androidx.core.view.inputmethod.InputContentInfoCompat$InputContentInfoCompatBaseImpl
androidx.core.app.JobIntentService$CompatWorkEnqueuer
androidx.annotation.AnyThread
androidx.browser.R
com.google.androidbrowserhelper.R$color
com.google.androidbrowserhelper.R$dimen
androidx.browser.trusted.sharing.ShareTarget$RequestMethod
androidx.browser.browseractions.BrowserActionsFallbackMenuAdapter
androidx.core.app.NotificationCompat$DecoratedCustomViewStyle
androidx.browser.browseractions.BrowserServiceFileProvider$FileCleanupTask
androidx.core.widget.ImageViewCompat
androidx.browser.customtabs.CustomTabsIntent:
    public static int getMaxToolbarItems()
    public static android.content.Intent setAlwaysUseBrowserUI(android.content.Intent)
    public static boolean shouldAlwaysUseBrowserUI(android.content.Intent)
    private static final java.lang.String EXTRA_USER_OPT_OUT_FROM_CUSTOM_TABS
    public static final java.lang.String EXTRA_SESSION
    public static final java.lang.String EXTRA_SESSION_ID
    public static final int COLOR_SCHEME_SYSTEM
    public static final int COLOR_SCHEME_LIGHT
    public static final int COLOR_SCHEME_DARK
    private static final int COLOR_SCHEME_MAX
    public static final java.lang.String EXTRA_COLOR_SCHEME
    public static final java.lang.String EXTRA_TOOLBAR_COLOR
    public static final java.lang.String EXTRA_ENABLE_URLBAR_HIDING
    public static final java.lang.String EXTRA_CLOSE_BUTTON_ICON
    public static final java.lang.String EXTRA_TITLE_VISIBILITY_STATE
    public static final int NO_TITLE
    public static final int SHOW_PAGE_TITLE
    public static final java.lang.String EXTRA_ACTION_BUTTON_BUNDLE
    public static final java.lang.String EXTRA_TOOLBAR_ITEMS
    public static final java.lang.String EXTRA_SECONDARY_TOOLBAR_COLOR
    public static final java.lang.String KEY_ICON
    public static final java.lang.String KEY_DESCRIPTION
    public static final java.lang.String KEY_PENDING_INTENT
    public static final java.lang.String EXTRA_TINT_ACTION_BUTTON
androidx.core.view.ViewCompat$FocusDirection
androidx.annotation.RestrictTo$Scope
androidx.core.text.TextDirectionHeuristicsCompat$TextDirectionHeuristicInternal